<?xml version="1.0" encoding="UTF-8"?>
<testsuite name="net.qipo.test.MyBatisTest" tests="1" skipped="0" failures="0" errors="0" timestamp="2019-11-04T12:17:32" hostname="kaideMacBook-Pro.local" time="0.756">
  <properties/>
  <testcase name="test09" classname="net.qipo.test.MyBatisTest" time="0.756"/>
  <system-out><![CDATA[Lock{id=3, lockName='303锁', keys=[Key{id=3, keyName='303钥匙', lock=null}, Key{id=4, keyName='303钥匙', lock=null}, Key{id=5, keyName='303钥匙', lock=null}]}
]]></system-out>
  <system-err><![CDATA[Mon Nov 04 20:17:33 CST 2019 WARN: Establishing SSL connection without server's identity verification is not recommended. According to MySQL 5.5.45+, 5.6.26+ and 5.7.6+ requirements SSL connection must be established by default if explicit option isn't set. For compliance with existing applications not using SSL the verifyServerCertificate property is set to 'false'. You need either to explicitly disable SSL by setting useSSL=false, or set useSSL=true and provide truststore for server certificate verification.
]]></system-err>
</testsuite>
